<?xml version="1.0" encoding="UTF-8"?>
<!-- Generated by org.testng.reporters.JUnitXMLReporter -->
<testsuite ignored="0" hostname="SS-2017-03-105" failures="1" tests="3" name="Test" time="0.048" errors="0" timestamp="28 Jul 2022 10:41:23 GMT">
  <testcase classname="qaclickacademy.SeleniumTest" name="BrowserAUtomation" time="0.016">
    <failure type="java.lang.AssertionError" message="expected [true] but found [false]">
      <![CDATA[java.lang.AssertionError: expected [true] but found [false]
	at qaclickacademy.SeleniumTest.BrowserAUtomation(SeleniumTest.java:15)
... Removed 33 stack frames]]>
    </failure>
  </testcase> <!-- BrowserAUtomation -->
  <testcase classname="qaclickacademy.SeleniumTest" name="elementsUi" time="0.001"/>
  <testcase classname="qaclickacademy.RESTAPITest" name="deleteTwitter" time="0.0"/>
</testsuite> <!-- Test -->
